<?xml version="1.0" encoding="UTF-8"?>
<testsuite name="com.org.example.springboot.web.PostsApiControllerTest" tests="1" skipped="0" failures="0" errors="0" timestamp="2023-07-19T07:35:45" hostname="kimseon5.local" time="1.413">
  <properties/>
  <testcase name="Posts_수정된다()" classname="com.org.example.springboot.web.PostsApiControllerTest" time="1.413"/>
  <system-out><![CDATA[16:35:31.207 [Test worker] DEBUG org.springframework.test.context.BootstrapUtils - Instantiating CacheAwareContextLoaderDelegate from class [org.springframework.test.context.cache.DefaultCacheAwareContextLoaderDelegate]
16:35:31.245 [Test worker] DEBUG org.springframework.test.context.BootstrapUtils - Instantiating BootstrapContext using constructor [public org.springframework.test.context.support.DefaultBootstrapContext(java.lang.Class,org.springframework.test.context.CacheAwareContextLoaderDelegate)]
16:35:31.335 [Test worker] DEBUG org.springframework.test.context.BootstrapUtils - Instantiating TestContextBootstrapper for test class [com.org.example.springboot.web.PostsApiControllerTest] from class [org.springframework.boot.test.context.SpringBootTestContextBootstrapper]
16:35:31.358 [Test worker] INFO org.springframework.boot.test.context.SpringBootTestContextBootstrapper - Neither @ContextConfiguration nor @ContextHierarchy found for test class [com.org.example.springboot.web.PostsApiControllerTest], using SpringBootContextLoader
16:35:31.369 [Test worker] DEBUG org.springframework.test.context.support.AbstractContextLoader - Did not detect default resource location for test class [com.org.example.springboot.web.PostsApiControllerTest]: class path resource [com/org/example/springboot/web/PostsApiControllerTest-context.xml] does not exist
16:35:31.370 [Test worker] DEBUG org.springframework.test.context.support.AbstractContextLoader - Did not detect default resource location for test class [com.org.example.springboot.web.PostsApiControllerTest]: class path resource [com/org/example/springboot/web/PostsApiControllerTestContext.groovy] does not exist
16:35:31.370 [Test worker] INFO org.springframework.test.context.support.AbstractContextLoader - Could not detect default resource locations for test class [com.org.example.springboot.web.PostsApiControllerTest]: no resource found for suffixes {-context.xml, Context.groovy}.
16:35:31.372 [Test worker] INFO org.springframework.test.context.support.AnnotationConfigContextLoaderUtils - Could not detect default configuration classes for test class [com.org.example.springboot.web.PostsApiControllerTest]: PostsApiControllerTest does not declare any static, non-private, non-final, nested classes annotated with @Configuration.
16:35:31.480 [Test worker] DEBUG org.springframework.test.context.support.ActiveProfilesUtils - Could not find an 'annotation declaring class' for annotation type [org.springframework.test.context.ActiveProfiles] and class [com.org.example.springboot.web.PostsApiControllerTest]
16:35:31.720 [Test worker] DEBUG org.springframework.context.annotation.ClassPathScanningCandidateComponentProvider - Identified candidate component class: file [/Users/guest1/Desktop/seondal/practice-springboot/build/classes/java/main/com/org/example/springboot/Application.class]
16:35:31.724 [Test worker] INFO org.springframework.boot.test.context.SpringBootTestContextBootstrapper - Found @SpringBootConfiguration com.org.example.springboot.Application for test class com.org.example.springboot.web.PostsApiControllerTest
16:35:32.350 [Test worker] DEBUG org.springframework.boot.test.context.SpringBootTestContextBootstrapper - @TestExecutionListeners is not present for class [com.org.example.springboot.web.PostsApiControllerTest]: using defaults.
16:35:32.352 [Test worker] INFO org.springframework.boot.test.context.SpringBootTestContextBootstrapper - Loaded default TestExecutionListener class names from location [META-INF/spring.factories]: [org.springframework.boot.test.autoconfigure.restdocs.RestDocsTestExecutionListener, org.springframework.boot.test.autoconfigure.web.client.MockRestServiceServerResetTestExecutionListener, org.springframework.boot.test.autoconfigure.web.servlet.MockMvcPrintOnlyOnFailureTestExecutionListener, org.springframework.boot.test.autoconfigure.web.servlet.WebDriverTestExecutionListener, org.springframework.boot.test.autoconfigure.webservices.client.MockWebServiceServerTestExecutionListener, org.springframework.boot.test.mock.mockito.MockitoTestExecutionListener, org.springframework.boot.test.mock.mockito.ResetMocksTestExecutionListener, org.springframework.test.context.web.ServletTestExecutionListener, org.springframework.test.context.support.DirtiesContextBeforeModesTestExecutionListener, org.springframework.test.context.support.DependencyInjectionTestExecutionListener, org.springframework.test.context.support.DirtiesContextTestExecutionListener, org.springframework.test.context.transaction.TransactionalTestExecutionListener, org.springframework.test.context.jdbc.SqlScriptsTestExecutionListener, org.springframework.test.context.event.EventPublishingTestExecutionListener]
16:35:32.634 [Test worker] INFO org.springframework.boot.test.context.SpringBootTestContextBootstrapper - Using TestExecutionListeners: [org.springframework.test.context.web.ServletTestExecutionListener@546e3545, org.springframework.test.context.support.DirtiesContextBeforeModesTestExecutionListener@5d404185, org.springframework.boot.test.mock.mockito.MockitoTestExecutionListener@3f7a338b, org.springframework.boot.test.autoconfigure.SpringBootDependencyInjectionTestExecutionListener@38163147, org.springframework.test.context.support.DirtiesContextTestExecutionListener@1d77ef1d, org.springframework.test.context.transaction.TransactionalTestExecutionListener@4264d95f, org.springframework.test.context.jdbc.SqlScriptsTestExecutionListener@2cec4cf3, org.springframework.test.context.event.EventPublishingTestExecutionListener@25f9cc20, org.springframework.boot.test.autoconfigure.restdocs.RestDocsTestExecutionListener@7d4c085, org.springframework.boot.test.autoconfigure.web.client.MockRestServiceServerResetTestExecutionListener@639e4f01, org.springframework.boot.test.autoconfigure.web.servlet.MockMvcPrintOnlyOnFailureTestExecutionListener@2ddb0c55, org.springframework.boot.test.autoconfigure.web.servlet.WebDriverTestExecutionListener@46a85d02, org.springframework.boot.test.autoconfigure.webservices.client.MockWebServiceServerTestExecutionListener@67d97dba, org.springframework.boot.test.mock.mockito.ResetMocksTestExecutionListener@762ed007]
16:35:32.736 [Test worker] DEBUG org.springframework.test.context.support.AbstractDirtiesContextTestExecutionListener - Before test class: context [DefaultTestContext@58eab333 testClass = PostsApiControllerTest, testInstance = [null], testMethod = [null], testException = [null], mergedContextConfiguration = [WebMergedContextConfiguration@213a912f testClass = PostsApiControllerTest, locations = '{}', classes = '{class com.org.example.springboot.Application}', contextInitializerClasses = '[]', activeProfiles = '{}', propertySourceLocations = '{}', propertySourceProperties = '{org.springframework.boot.test.context.SpringBootTestContextBootstrapper=true, server.port=0}', contextCustomizers = set[org.springframework.boot.test.autoconfigure.actuate.metrics.MetricsExportContextCustomizerFactory$DisableMetricExportContextCustomizer@4d0cf120, org.springframework.boot.test.autoconfigure.properties.PropertyMappingContextCustomizer@0, org.springframework.boot.test.autoconfigure.web.servlet.WebDriverContextCustomizerFactory$Customizer@6a7f726, org.springframework.boot.test.context.filter.ExcludeFilterContextCustomizer@650c7f7a, org.springframework.boot.test.json.DuplicateJsonObjectContextCustomizerFactory$DuplicateJsonObjectContextCustomizer@33c7bb5a, org.springframework.boot.test.mock.mockito.MockitoContextCustomizer@0, org.springframework.boot.test.web.client.TestRestTemplateContextCustomizer@3da5ec4c, org.springframework.boot.test.context.SpringBootTestArgs@1, org.springframework.boot.test.context.SpringBootTestWebEnvironment@5ad1b4c8], resourceBasePath = 'src/main/webapp', contextLoader = 'org.springframework.boot.test.context.SpringBootContextLoader', parent = [null]], attributes = map['org.springframework.test.context.web.ServletTestExecutionListener.activateListener' -> false]], class annotated with @DirtiesContext [false] with mode [null].
16:35:32.805 [Test worker] DEBUG org.springframework.test.context.support.DependencyInjectionTestExecutionListener - Performing dependency injection for test context [[DefaultTestContext@58eab333 testClass = PostsApiControllerTest, testInstance = com.org.example.springboot.web.PostsApiControllerTest@79f5a9b5, testMethod = [null], testException = [null], mergedContextConfiguration = [WebMergedContextConfiguration@213a912f testClass = PostsApiControllerTest, locations = '{}', classes = '{class com.org.example.springboot.Application}', contextInitializerClasses = '[]', activeProfiles = '{}', propertySourceLocations = '{}', propertySourceProperties = '{org.springframework.boot.test.context.SpringBootTestContextBootstrapper=true, server.port=0}', contextCustomizers = set[org.springframework.boot.test.autoconfigure.actuate.metrics.MetricsExportContextCustomizerFactory$DisableMetricExportContextCustomizer@4d0cf120, org.springframework.boot.test.autoconfigure.properties.PropertyMappingContextCustomizer@0, org.springframework.boot.test.autoconfigure.web.servlet.WebDriverContextCustomizerFactory$Customizer@6a7f726, org.springframework.boot.test.context.filter.ExcludeFilterContextCustomizer@650c7f7a, org.springframework.boot.test.json.DuplicateJsonObjectContextCustomizerFactory$DuplicateJsonObjectContextCustomizer@33c7bb5a, org.springframework.boot.test.mock.mockito.MockitoContextCustomizer@0, org.springframework.boot.test.web.client.TestRestTemplateContextCustomizer@3da5ec4c, org.springframework.boot.test.context.SpringBootTestArgs@1, org.springframework.boot.test.context.SpringBootTestWebEnvironment@5ad1b4c8], resourceBasePath = 'src/main/webapp', contextLoader = 'org.springframework.boot.test.context.SpringBootContextLoader', parent = [null]], attributes = map['org.springframework.test.context.web.ServletTestExecutionListener.activateListener' -> false]]].
16:35:33.303 [Test worker] DEBUG org.springframework.test.context.support.TestPropertySourceUtils - Adding inlined properties to environment: {spring.jmx.enabled=false, org.springframework.boot.test.context.SpringBootTestContextBootstrapper=true, server.port=0}

  .   ____          _            __ _ _
 /\\ / ___'_ __ _ _(_)_ __  __ _ \ \ \ \
( ( )\___ | '_ | '_| | '_ \/ _` | \ \ \ \
 \\/  ___)| |_)| | | | | || (_| |  ) ) ) )
  '  |____| .__|_| |_|_| |_\__, | / / / /
 =========|_|==============|___/=/_/_/_/
 :: Spring Boot ::                (v2.4.1)

2023-07-19 16:35:34.270  INFO 11884 --- [    Test worker] c.o.e.s.web.PostsApiControllerTest       : Starting PostsApiControllerTest using Java 16.0.1 on kimseon5.local with PID 11884 (started by guest1 in /Users/guest1/Desktop/seondal/practice-springboot)
2023-07-19 16:35:34.286  INFO 11884 --- [    Test worker] c.o.e.s.web.PostsApiControllerTest       : No active profile set, falling back to default profiles: default
2023-07-19 16:35:36.050  INFO 11884 --- [    Test worker] .s.d.r.c.RepositoryConfigurationDelegate : Bootstrapping Spring Data JPA repositories in DEFAULT mode.
2023-07-19 16:35:36.184  INFO 11884 --- [    Test worker] .s.d.r.c.RepositoryConfigurationDelegate : Finished Spring Data repository scanning in 112 ms. Found 1 JPA repository interfaces.
2023-07-19 16:35:38.109  INFO 11884 --- [    Test worker] o.s.b.w.embedded.tomcat.TomcatWebServer  : Tomcat initialized with port(s): 0 (http)
2023-07-19 16:35:38.153  INFO 11884 --- [    Test worker] o.apache.catalina.core.StandardService   : Starting service [Tomcat]
2023-07-19 16:35:38.155  INFO 11884 --- [    Test worker] org.apache.catalina.core.StandardEngine  : Starting Servlet engine: [Apache Tomcat/9.0.41]
2023-07-19 16:35:38.448  INFO 11884 --- [    Test worker] o.a.c.c.C.[Tomcat].[localhost].[/]       : Initializing Spring embedded WebApplicationContext
2023-07-19 16:35:38.448  INFO 11884 --- [    Test worker] w.s.c.ServletWebServerApplicationContext : Root WebApplicationContext: initialization completed in 4107 ms
2023-07-19 16:35:39.274  INFO 11884 --- [    Test worker] com.zaxxer.hikari.HikariDataSource       : HikariPool-1 - Starting...
2023-07-19 16:35:40.020  INFO 11884 --- [    Test worker] com.zaxxer.hikari.HikariDataSource       : HikariPool-1 - Start completed.
2023-07-19 16:35:40.856  INFO 11884 --- [    Test worker] o.hibernate.jpa.internal.util.LogHelper  : HHH000204: Processing PersistenceUnitInfo [name: default]
2023-07-19 16:35:41.027  INFO 11884 --- [    Test worker] org.hibernate.Version                    : HHH000412: Hibernate ORM core version 5.4.25.Final
2023-07-19 16:35:41.776  INFO 11884 --- [    Test worker] o.hibernate.annotations.common.Version   : HCANN000001: Hibernate Commons Annotations {5.1.2.Final}
2023-07-19 16:35:42.299  INFO 11884 --- [    Test worker] org.hibernate.dialect.Dialect            : HHH000400: Using dialect: org.hibernate.dialect.MySQL57Dialect
Hibernate: drop table if exists posts
Hibernate: create table posts (id bigint not null auto_increment, author varchar(255), content Text not null, title varchar(500) not null, primary key (id)) engine=InnoDB
2023-07-19 16:35:43.203  INFO 11884 --- [    Test worker] o.h.e.t.j.p.i.JtaPlatformInitiator       : HHH000490: Using JtaPlatform implementation: [org.hibernate.engine.transaction.jta.platform.internal.NoJtaPlatform]
2023-07-19 16:35:43.215  INFO 11884 --- [    Test worker] j.LocalContainerEntityManagerFactoryBean : Initialized JPA EntityManagerFactory for persistence unit 'default'
2023-07-19 16:35:44.155  WARN 11884 --- [    Test worker] JpaBaseConfiguration$JpaWebConfiguration : spring.jpa.open-in-view is enabled by default. Therefore, database queries may be performed during view rendering. Explicitly configure spring.jpa.open-in-view to disable this warning
2023-07-19 16:35:44.664  INFO 11884 --- [    Test worker] o.s.s.concurrent.ThreadPoolTaskExecutor  : Initializing ExecutorService 'applicationTaskExecutor'
2023-07-19 16:35:45.854  INFO 11884 --- [    Test worker] o.s.b.w.embedded.tomcat.TomcatWebServer  : Tomcat started on port(s): 58706 (http) with context path ''
2023-07-19 16:35:45.874  INFO 11884 --- [    Test worker] c.o.e.s.web.PostsApiControllerTest       : Started PostsApiControllerTest in 12.563 seconds (JVM running for 16.952)
Hibernate: insert into posts (author, content, title) values (?, ?, ?)
2023-07-19 16:35:46.750  INFO 11884 --- [o-auto-1-exec-1] o.a.c.c.C.[Tomcat].[localhost].[/]       : Initializing Spring DispatcherServlet 'dispatcherServlet'
2023-07-19 16:35:46.756  INFO 11884 --- [o-auto-1-exec-1] o.s.web.servlet.DispatcherServlet        : Initializing Servlet 'dispatcherServlet'
2023-07-19 16:35:46.781  INFO 11884 --- [o-auto-1-exec-1] o.s.web.servlet.DispatcherServlet        : Completed initialization in 23 ms
Hibernate: select posts0_.id as id1_0_0_, posts0_.author as author2_0_0_, posts0_.content as content3_0_0_, posts0_.title as title4_0_0_ from posts posts0_ where posts0_.id=?
Hibernate: update posts set author=?, content=?, title=? where id=?
Hibernate: select posts0_.id as id1_0_, posts0_.author as author2_0_, posts0_.content as content3_0_, posts0_.title as title4_0_ from posts posts0_
Hibernate: select posts0_.id as id1_0_, posts0_.author as author2_0_, posts0_.content as content3_0_, posts0_.title as title4_0_ from posts posts0_
Hibernate: delete from posts where id=?
]]></system-out>
  <system-err><![CDATA[]]></system-err>
</testsuite>
